<?xml version="1.0" encoding="UTF-8"?>
<!-- Generated by org.testng.reporters.JUnitReportReporter -->
<testsuite hostname="Daugination" failures="0" tests="6" name="api.test.DataDrivenTests" time="7.161" errors="0" timestamp="2024-01-07T11:50:17 IST" skipped="0">
  <testcase classname="api.test.DataDrivenTests" name="testPostUser" time="1.011"/>
  <testcase classname="api.test.DataDrivenTests" name="testPostUser" time="1.051"/>
  <testcase classname="api.test.DataDrivenTests" name="testPostUser" time="1.939"/>
  <testcase classname="api.test.DataDrivenTests" name="deleteUser" time="1.063"/>
  <testcase classname="api.test.DataDrivenTests" name="deleteUser" time="1.023"/>
  <testcase classname="api.test.DataDrivenTests" name="deleteUser" time="1.074"/>
</testsuite> <!-- api.test.DataDrivenTests -->
