<?xml version="1.0" encoding="UTF-8"?>
<!-- Generated by org.testng.reporters.JUnitReportReporter -->
<testsuite hostname="Daugination" failures="0" tests="4" name="api.test.UserTests" time="6.736" errors="0" timestamp="2024-01-07T11:51:31 IST" skipped="0">
  <testcase classname="api.test.UserTests" name="testPostUser" time="1.961"/>
  <testcase classname="api.test.UserTests" name="testGetUserByName" time="1.094"/>
  <testcase classname="api.test.UserTests" name="testUpdateUserByName" time="2.100"/>
  <testcase classname="api.test.UserTests" name="testDeleteUser" time="1.581"/>
</testsuite> <!-- api.test.UserTests -->
