<?xml version="1.0" encoding="UTF-8"?>
<!-- Generated by org.testng.reporters.JUnitReportReporter -->
<testsuite hostname="Daugination" failures="0" tests="4" name="api.test.UserTests" time="7.133" errors="0" timestamp="2024-01-08T19:14:20 IST" skipped="0">
  <testcase classname="api.test.UserTests" name="testPostUser" time="2.804"/>
  <testcase classname="api.test.UserTests" name="testGetUserByName" time="1.108"/>
  <testcase classname="api.test.UserTests" name="testUpdateUserByName" time="2.163"/>
  <testcase classname="api.test.UserTests" name="testDeleteUser" time="1.058"/>
</testsuite> <!-- api.test.UserTests -->
